<?xml version="1.0" encoding="UTF-8"?>
<!-- Generated by org.testng.reporters.JUnitReportReporter -->
<testsuite hostname="DESKTOP-6AJHHJJ" failures="0" tests="1" name="mavgit.mavgit.WebTest" time="10.707" errors="0" timestamp="2024-03-30T19:04:07 IST" skipped="0">
  <testcase classname="mavgit.mavgit.WebTest" name="startBrowser" time="10.707"/>
  <system-out/>
</testsuite> <!-- mavgit.mavgit.WebTest -->
